0 info it worked if it ends with ok
1 verbose cli [ '/usr/bin/node', '/usr/bin/npm', 'install', 'xtest' ]
2 info using npm@1.3.14
3 info using node@v0.10.22
4 verbose cache add [ 'xtest', null ]
5 verbose cache add name=undefined spec="xtest" args=["xtest",null]
6 verbose parsed url { protocol: null,
6 verbose parsed url   slashes: null,
6 verbose parsed url   auth: null,
6 verbose parsed url   host: null,
6 verbose parsed url   port: null,
6 verbose parsed url   hostname: null,
6 verbose parsed url   hash: null,
6 verbose parsed url   search: null,
6 verbose parsed url   query: null,
6 verbose parsed url   pathname: 'xtest',
6 verbose parsed url   path: 'xtest',
6 verbose parsed url   href: 'xtest' }
7 silly lockFile a7757a3f-xtest xtest
8 verbose lock xtest /home/chris/.npm/a7757a3f-xtest.lock
9 silly lockFile a7757a3f-xtest xtest
10 silly lockFile a7757a3f-xtest xtest
11 verbose addNamed [ 'xtest', '' ]
12 verbose addNamed [ null, '*' ]
13 silly lockFile 1e77859d-xtest xtest@
14 verbose lock xtest@ /home/chris/.npm/1e77859d-xtest.lock
15 silly addNameRange { name: 'xtest', range: '*', hasData: false }
16 verbose url raw xtest
17 verbose url resolving [ 'https://registry.npmjs.org/', './xtest' ]
18 verbose url resolved https://registry.npmjs.org/xtest
19 info trying registry request attempt 1 at 16:33:04
20 http GET https://registry.npmjs.org/xtest
21 http 404 https://registry.npmjs.org/xtest
22 silly registry.get cb [ 404,
22 silly registry.get   { server: 'CouchDB/1.5.0 (Erlang OTP/R15B03)',
22 silly registry.get     date: 'Fri, 06 Dec 2013 21:33:05 GMT',
22 silly registry.get     'content-type': 'application/json',
22 silly registry.get     'content-length': '52',
22 silly registry.get     'cache-control': 'must-revalidate' } ]
23 silly lockFile 1e77859d-xtest xtest@
24 silly lockFile 1e77859d-xtest xtest@
25 error 404 'xtest' is not in the npm registry.
25 error 404 You should bug the author to publish it
25 error 404
25 error 404 Note that you can also install from a
25 error 404 tarball, folder, or http url, or git url.
26 error System Linux 3.12.0-1-ARCH
27 error command "/usr/bin/node" "/usr/bin/npm" "install" "xtest"
28 error cwd /home/chris/webmouse
29 error node -v v0.10.22
30 error npm -v 1.3.14
31 error code E404
32 verbose exit [ 1, true ]
